<?xml version="1.0" encoding="UTF-8"?>
<!-- Generated by org.testng.reporters.JUnitReportReporter -->
<testsuite hostname="LAPTOP-0MU7EG7P" name="Azuredevops.AzureDevops.Test1" tests="1" failures="0" timestamp="28 Sep 2021 21:59:52 GMT" time="0.018" errors="0">
  <testcase name="f" time="0.018" classname="Azuredevops.AzureDevops.Test1"/>
</testsuite> <!-- Azuredevops.AzureDevops.Test1 -->
